<?xml version="1.0" encoding="UTF-8"?>
<!-- Generated by org.testng.reporters.JUnitReportReporter -->
<testsuite skipped="0" hostname="Admin-PC" name="com.billjc.controller.ProjectAuditControllerTest" tests="6" failures="0" timestamp="21 九月 2017 04:40:59 GMT" time="1.796" errors="0">
  <testcase name="testQueryByProject" time="0.227" classname="com.billjc.controller.ProjectAuditControllerTest"/>
  <testcase name="testMyAudit" time="1.146" classname="com.billjc.controller.ProjectAuditControllerTest"/>
  <testcase name="testAudit" time="0.082" classname="com.billjc.controller.ProjectAuditControllerTest"/>
  <testcase name="testProjectAuditAddUpdateDelete" time="0.247" classname="com.billjc.controller.ProjectAuditControllerTest"/>
  <testcase name="testQueryByAuditItem" time="0.031" classname="com.billjc.controller.ProjectAuditControllerTest"/>
  <testcase name="testAuditList" time="0.063" classname="com.billjc.controller.ProjectAuditControllerTest"/>
</testsuite> <!-- com.billjc.controller.ProjectAuditControllerTest -->
