<?xml version="1.0" encoding="UTF-8"?>
<!-- Generated by org.testng.reporters.JUnitReportReporter -->
<testsuite skipped="0" hostname="Admin-PC" name="com.billjc.controller.ProjectAuditControllerTest" tests="1" failures="0" timestamp="20 九月 2017 09:36:10 GMT" time="0.843" errors="0">
  <testcase name="testQueryByAuditItem" time="0.843" classname="com.billjc.controller.ProjectAuditControllerTest"/>
</testsuite> <!-- com.billjc.controller.ProjectAuditControllerTest -->
